C:\Users\eatellezpi\source\Workspaces\Demclit\Demclit_App\src\main.js
C:\Users\eatellezpi\source\Workspaces\Demclit\Demclit_App\src\polyfills.js
C:\Users\eatellezpi\source\Workspaces\Demclit\Demclit_App\src\test.js
C:\Users\eatellezpi\source\Workspaces\Demclit\Demclit_App\src\app\app.core.functions.js
C:\Users\eatellezpi\source\Workspaces\Demclit\Demclit_App\src\app\app.module.js
C:\Users\eatellezpi\source\Workspaces\Demclit\Demclit_App\src\app\components\app\app.component.spec.js
C:\Users\eatellezpi\source\Workspaces\Demclit\Demclit_App\src\app\components\app\app.component.js
C:\Users\eatellezpi\source\Workspaces\Demclit\Demclit_App\src\app\components\b2b\activos\activos.component.spec.js
C:\Users\eatellezpi\source\Workspaces\Demclit\Demclit_App\src\app\components\b2b\activos\activos.component.js
C:\Users\eatellezpi\source\Workspaces\Demclit\Demclit_App\src\app\components\b2b\activos-consulta\activos-consulta.component.spec.js
C:\Users\eatellezpi\source\Workspaces\Demclit\Demclit_App\src\app\components\b2b\activos-consulta\activos-consulta.component.js
C:\Users\eatellezpi\source\Workspaces\Demclit\Demclit_App\src\app\components\b2b\proyectos\proyectos.component.spec.js
C:\Users\eatellezpi\source\Workspaces\Demclit\Demclit_App\src\app\components\b2b\proyectos\proyectos.component.js
C:\Users\eatellezpi\source\Workspaces\Demclit\Demclit_App\src\app\components\b2b\proyectos-consulta\proyectos-consulta.component.spec.js
C:\Users\eatellezpi\source\Workspaces\Demclit\Demclit_App\src\app\components\b2b\proyectos-consulta\proyectos-consulta.component.js
C:\Users\eatellezpi\source\Workspaces\Demclit\Demclit_App\src\app\components\b2b\proyectos-vertical\proyectos-vertical.component.spec.js
C:\Users\eatellezpi\source\Workspaces\Demclit\Demclit_App\src\app\components\b2b\proyectos-vertical\proyectos-vertical.component.js
C:\Users\eatellezpi\source\Workspaces\Demclit\Demclit_App\src\app\components\b2b-venta\b2b-venta.component.spec.js
C:\Users\eatellezpi\source\Workspaces\Demclit\Demclit_App\src\app\components\b2b-venta\b2b-venta.component.js
C:\Users\eatellezpi\source\Workspaces\Demclit\Demclit_App\src\app\components\footer\footer.component.spec.js
C:\Users\eatellezpi\source\Workspaces\Demclit\Demclit_App\src\app\components\footer\footer.component.js
C:\Users\eatellezpi\source\Workspaces\Demclit\Demclit_App\src\app\components\global\pago-registro\pago-registro.component.spec.js
C:\Users\eatellezpi\source\Workspaces\Demclit\Demclit_App\src\app\components\global\pago-registro\pago-registro.component.js
C:\Users\eatellezpi\source\Workspaces\Demclit\Demclit_App\src\app\components\home\home.component.spec.js
C:\Users\eatellezpi\source\Workspaces\Demclit\Demclit_App\src\app\components\home\home.component.js
C:\Users\eatellezpi\source\Workspaces\Demclit\Demclit_App\src\app\components\navmenu\navmenu.component.spec.js
C:\Users\eatellezpi\source\Workspaces\Demclit\Demclit_App\src\app\components\navmenu\navmenu.component.js
C:\Users\eatellezpi\source\Workspaces\Demclit\Demclit_App\src\app\models\bodega-activo.js
C:\Users\eatellezpi\source\Workspaces\Demclit\Demclit_App\src\app\models\lista-generica.js
C:\Users\eatellezpi\source\Workspaces\Demclit\Demclit_App\src\app\models\pago.js
C:\Users\eatellezpi\source\Workspaces\Demclit\Demclit_App\src\app\models\proyecto.js
C:\Users\eatellezpi\source\Workspaces\Demclit\Demclit_App\src\app\models\user.js
C:\Users\eatellezpi\source\Workspaces\Demclit\Demclit_App\src\app\models\vertical-equipo.js
C:\Users\eatellezpi\source\Workspaces\Demclit\Demclit_App\src\app\models\vertical.js
C:\Users\eatellezpi\source\Workspaces\Demclit\Demclit_App\src\app\services\data.service.spec.js
C:\Users\eatellezpi\source\Workspaces\Demclit\Demclit_App\src\app\services\data.service.js
C:\Users\eatellezpi\source\Workspaces\Demclit\Demclit_App\src\app\services\http.service.spec.js
C:\Users\eatellezpi\source\Workspaces\Demclit\Demclit_App\src\app\services\http.service.js
C:\Users\eatellezpi\source\Workspaces\Demclit\Demclit_App\src\app\services\webapi.service.spec.js
C:\Users\eatellezpi\source\Workspaces\Demclit\Demclit_App\src\app\services\webapi.service.js
C:\Users\eatellezpi\source\Workspaces\Demclit\Demclit_App\src\environments\environment.prod.js
C:\Users\eatellezpi\source\Workspaces\Demclit\Demclit_App\src\environments\environment.js
